
          -------------------------------------------------------
          Amber 22 SANDER                              2022
          -------------------------------------------------------

| Run on 09/06/2022 at 10:33:45

|   Executable path: /Users/nj465/opt/anaconda3/envs/AmberTools22/bin/sander
| Working directory: /Users/nj465/Desktop/amber-tutorial_1
|          Hostname: Unknown
  [-O]verwriting output

File Assignments:
|  MDIN: sander_equili.in                                                      
| MDOUT: equili_classical.out                                                  
|INPCRD: system.heat.rst7                                                      
|  PARM: system.parm7                                                          
|RESTRT: system.equili.rst7                                                    
|  REFC: refc                                                                  
| MDVEL: mdvel                                                                 
| MDFRC: mdfrc                                                                 
|  MDEN: mden                                                                  
| MDCRD: system.equili.nc                                                      
|MDINFO: mdinfo                                                                
|  MTMD: mtmd                                                                  
|INPDIP: inpdip                                                                
|RSTDIP: rstdip                                                                
|INPTRA: inptraj                                                               


 Here is the input file:

Density equilibration                                                          
&cntrl                                                                         
  imin= 0,                       ! Run molecular dynamics.                     
  nstlim=15000,                  ! Number of MD-steps to be performed.         
  dt=0.002,                      ! Time step (ps)                              
  irest=1,                       ! Restart the simulation and read coordinates and velocities from the restart file provided in -c
  ntx=5,                         ! Initial file contains coordinates and velocities.
  ntpr=500, ntwx=500, ntwr=500,  ! Output options                              
  cut=8.0,                       ! non-bond cut off                            
  temp0=298,                     ! Temperature                                 
  ntt=3, gamma_ln=3.0,           ! Temperature scaling using Langevin dynamics with the collision frequency in gamma_ln (ps−1)
  ntb=2,                         ! Periodic conditiond at constant pressure    
  ntc=2, ntf=2,                  ! Constrain lengths of bonds having hydrogen atoms (SHAKE)
  ntp=1, taup=2.0,               ! Pressure scaling                            
  iwrap=1, ioutfm=1,             ! Output trajectory options                   
/                                                                              

--------------------------------------------------------------------------------
   1.  RESOURCE   USE: 
--------------------------------------------------------------------------------

| Flags:                                                                        
 getting box info from netcdf restart file
| NetCDF restart box info found
|Largest sphere to fit in unit cell has radius =    52.979
| New format PARM file being parsed.
| Version =    1.000 Date = 09/05/22 Time = 10:33:25
 NATOM  =  102594 NTYPES =      25 NBONH =  100226 MBONA  =    2417
 NTHETH =    5236 MTHETA =    3284 NPHIH =   10790 MPHIA  =   10497
 NHPARM =       0 NPARM  =       0 NNB   =  156318 NRES   =   32946
 NBONA  =    2417 NTHETA =    3284 NPHIA =   10497 NUMBND =      78
 NUMANG =     170 NPTRA  =     209 NATYP =      46 NPHB   =       0
 IFBOX  =       1 NMXRS  =      34 IFCAP =       0 NEXTRA =       0
 NCOPY  =       0


|     Memory Use     Allocated
|     Real             7359888
|     Hollerith         340730
|     Integer          3367838
|     Max Pairs       34198000
|     nblistReal       1231128
|     nblist Int       5225690
|       Total           235602 kbytes

| Note: 1-4 EEL scale factors are being read from the topology file.

| Note: 1-4 VDW scale factors are being read from the topology file.
| Duplicated    0 dihedrals
| Duplicated    0 dihedrals

     BOX TYPE: RECTILINEAR

--------------------------------------------------------------------------------
   2.  CONTROL  DATA  FOR  THE  RUN
--------------------------------------------------------------------------------

GWS                                                                             

General flags:
     imin    =       0, nmropt  =       0

Nature and format of input:
     ntx     =       5, irest   =       1, ntrx    =       1

Nature and format of output:
     ntxo    =       2, ntpr    =     500, ntrx    =       1, ntwr    =     500
     iwrap   =       1, ntwx    =     500, ntwv    =       0, ntwe    =       0
     ioutfm  =       1, ntwprt  =       0, idecomp =       0, rbornstat=      0

Potential function:
     ntf     =       2, ntb     =       2, igb     =       0, nsnb    =      25
     ipol    =       0, gbsa    =       0, iesp    =       0
     dielc   =   1.00000, cut     =   8.00000, intdiel =   1.00000

Frozen or restrained atoms:
     ibelly  =       0, ntr     =       0

Molecular dynamics:
     nstlim  =     15000, nscm    =      1000, nrespa  =         1
     t       =   0.00000, dt      =   0.00200, vlimit  =  20.00000

Langevin dynamics temperature regulation:
     ig      =   71277
     temp0   = 298.00000, tempi   =   0.00000, gamma_ln=   3.00000

Pressure regulation:
     ntp     =       1
     pres0   =   1.00000, comp    =  44.60000, taup    =   2.00000

SHAKE:
     ntc     =       2, jfastw  =       0
     tol     =   0.00001

Ewald parameters:
     verbose =       0, ew_type =       0, nbflag  =       1, use_pme =       1
     vdwmeth =       1, eedmeth =       1, netfrc  =       1
     Box X =  106.253   Box Y =  105.957   Box Z =  106.341
     Alpha =   90.000   Beta  =   90.000   Gamma =   90.000
     NFFT1 =  108       NFFT2 =  108       NFFT3 =  108
     Cutoff=    8.000   Tol   =0.100E-04
     Ewald Coefficient =  0.34864
     Interpolation order =    4
|  INFO: Old style inpcrd file read


--------------------------------------------------------------------------------
   3.  ATOMIC COORDINATES AND VELOCITIES
--------------------------------------------------------------------------------

GWS                                                                             
 begin time read from input coords =    60.000 ps

 Number of triangulated 3-point waters found:    32637

     Sum of charges from parm topology file =  -0.00000016
     Forcing neutrality...

--------------------------------------------------------------------------------
   4.  RESULTS
--------------------------------------------------------------------------------

|  # of SOLUTE  degrees of freedom (RNDFP):  207556.
|  # of SOLVENT degrees of freedom (RNDFS):       0.
|  NDFMIN =  207556.     NUM_NOSHAKE =      0     CORRECTED RNDFP =  207556.
|  TOTAL # of degrees of freedom (RNDF) =  207556.
 ---------------------------------------------------
 APPROXIMATING switch and d/dx switch using CUBIC SPLINE INTERPOLATION
 using   5000.0 points per unit in tabled values
 TESTING RELATIVE ERROR over r ranging from 0.0 to cutoff
| CHECK switch(x): max rel err =   0.2738E-14   at   2.422500
| CHECK d/dx switch(x): max rel err =   0.8332E-11   at   2.782960
 ---------------------------------------------------
| Local SIZE OF NONBOND LIST =   19426587
| TOTAL SIZE OF NONBOND LIST =   19426587

 NSTEP =      500   TIME(PS) =      61.000  TEMP(K) =   297.93  PRESS =  -512.1
 Etot   =   -251931.8470  EKtot   =     61440.5374  EPtot      =   -313372.3844
 BOND   =      1611.3063  ANGLE   =      2490.9934  DIHED      =      3937.4744
 1-4 NB =      1091.6907  1-4 EEL =     12042.6342  VDWAALS    =     43383.0327
 EELEC  =   -377929.5161  EHBOND  =         0.0000  RESTRAINT  =         0.0000
 EKCMT  =     29097.4199  VIRIAL  =     42167.3910  VOLUME     =   1182044.9460
                                                    Density    =         0.8735
 Ewald error estimate:   0.3152E-04
 ------------------------------------------------------------------------------


 NSTEP =     1000   TIME(PS) =      62.000  TEMP(K) =   297.57  PRESS =  -460.2
 Etot   =   -252685.7416  EKtot   =     61366.2200  EPtot      =   -314051.9616
 BOND   =      1586.7481  ANGLE   =      2443.2780  DIHED      =      3852.7888
 1-4 NB =      1104.2699  1-4 EEL =     12071.5295  VDWAALS    =     43554.3264
 EELEC  =   -378664.9024  EHBOND  =         0.0000  RESTRAINT  =         0.0000
 EKCMT  =     29065.1276  VIRIAL  =     40690.4598  VOLUME     =   1169960.3130
                                                    Density    =         0.8826
 Ewald error estimate:   0.2069E-04
 ------------------------------------------------------------------------------


 NSTEP =     1500   TIME(PS) =      63.000  TEMP(K) =   298.52  PRESS =  -320.6
 Etot   =   -253389.0435  EKtot   =     61561.9599  EPtot      =   -314951.0034
 BOND   =      1612.4444  ANGLE   =      2498.2289  DIHED      =      3881.2206
 1-4 NB =      1104.1589  1-4 EEL =     12095.5748  VDWAALS    =     43620.3121
 EELEC  =   -379762.9432  EHBOND  =         0.0000  RESTRAINT  =         0.0000
 EKCMT  =     29096.0430  VIRIAL  =     37123.2238  VOLUME     =   1159621.8634
                                                    Density    =         0.8904
 Ewald error estimate:   0.3956E-04
 ------------------------------------------------------------------------------


 NSTEP =     2000   TIME(PS) =      64.000  TEMP(K) =   296.20  PRESS =  -320.2
 Etot   =   -254394.7810  EKtot   =     61083.5589  EPtot      =   -315478.3399
 BOND   =      1637.2603  ANGLE   =      2534.9340  DIHED      =      3869.6275
 1-4 NB =      1085.9090  1-4 EEL =     11998.2340  VDWAALS    =     43568.2430
 EELEC  =   -380172.5478  EHBOND  =         0.0000  RESTRAINT  =         0.0000
 EKCMT  =     29008.2319  VIRIAL  =     36961.2329  VOLUME     =   1150528.9294
                                                    Density    =         0.8975
 Ewald error estimate:   0.4794E-04
 ------------------------------------------------------------------------------


 NSTEP =     2500   TIME(PS) =      65.000  TEMP(K) =   298.63  PRESS =  -310.3
 Etot   =   -254036.5764  EKtot   =     61586.0314  EPtot      =   -315622.6079
 BOND   =      1582.5829  ANGLE   =      2486.7493  DIHED      =      3860.1202
 1-4 NB =      1084.0913  1-4 EEL =     12001.4210  VDWAALS    =     43623.0248
 EELEC  =   -380260.5973  EHBOND  =         0.0000  RESTRAINT  =         0.0000
 EKCMT  =     29193.9191  VIRIAL  =     36853.5852  VOLUME     =   1143360.9885
                                                    Density    =         0.9031
 Ewald error estimate:   0.3471E-05
 ------------------------------------------------------------------------------


 NSTEP =     3000   TIME(PS) =      66.000  TEMP(K) =   296.89  PRESS =  -257.5
 Etot   =   -253986.6780  EKtot   =     61225.9320  EPtot      =   -315212.6100
 BOND   =      1594.7019  ANGLE   =      2469.2404  DIHED      =      3835.8629
 1-4 NB =      1090.6291  1-4 EEL =     12082.7854  VDWAALS    =     43592.7225
 EELEC  =   -379878.5523  EHBOND  =         0.0000  RESTRAINT  =         0.0000
 EKCMT  =     28861.8004  VIRIAL  =     35188.9938  VOLUME     =   1138028.3650
                                                    Density    =         0.9073
 Ewald error estimate:   0.2532E-05
 ------------------------------------------------------------------------------


 NSTEP =     3500   TIME(PS) =      67.000  TEMP(K) =   297.80  PRESS =  -205.3
 Etot   =   -254789.5713  EKtot   =     61414.6147  EPtot      =   -316204.1861
 BOND   =      1570.1796  ANGLE   =      2502.1796  DIHED      =      3851.4663
 1-4 NB =      1103.4563  1-4 EEL =     12110.0058  VDWAALS    =     43865.8436
 EELEC  =   -381207.3172  EHBOND  =         0.0000  RESTRAINT  =         0.0000
 EKCMT  =     29038.9070  VIRIAL  =     34058.7327  VOLUME     =   1132605.7644
                                                    Density    =         0.9117
 Ewald error estimate:   0.2015E-04
 ------------------------------------------------------------------------------


 NSTEP =     4000   TIME(PS) =      68.000  TEMP(K) =   299.02  PRESS =  -227.9
 Etot   =   -254575.4637  EKtot   =     61665.1565  EPtot      =   -316240.6203
 BOND   =      1657.1869  ANGLE   =      2453.2105  DIHED      =      3837.0928
 1-4 NB =      1091.4830  1-4 EEL =     12012.5351  VDWAALS    =     43759.4638
 EELEC  =   -381051.5923  EHBOND  =         0.0000  RESTRAINT  =         0.0000
 EKCMT  =     29101.6112  VIRIAL  =     34650.9250  VOLUME     =   1127646.5610
                                                    Density    =         0.9157
 Ewald error estimate:   0.2876E-04
 ------------------------------------------------------------------------------


 NSTEP =     4500   TIME(PS) =      69.000  TEMP(K) =   298.93  PRESS =  -112.6
 Etot   =   -254871.1610  EKtot   =     61647.6168  EPtot      =   -316518.7778
 BOND   =      1639.6389  ANGLE   =      2470.3943  DIHED      =      3882.4134
 1-4 NB =      1084.2341  1-4 EEL =     12031.3496  VDWAALS    =     44234.8124
 EELEC  =   -381861.6205  EHBOND  =         0.0000  RESTRAINT  =         0.0000
 EKCMT  =     29288.5019  VIRIAL  =     32020.8967  VOLUME     =   1123479.8039
                                                    Density    =         0.9191
 Ewald error estimate:   0.5437E-04
 ------------------------------------------------------------------------------


 NSTEP =     5000   TIME(PS) =      70.000  TEMP(K) =   297.85  PRESS =  -141.6
 Etot   =   -255163.9746  EKtot   =     61424.8018  EPtot      =   -316588.7763
 BOND   =      1578.2384  ANGLE   =      2421.6860  DIHED      =      3829.9681
 1-4 NB =      1090.7809  1-4 EEL =     12088.1229  VDWAALS    =     43984.8371
 EELEC  =   -381582.4098  EHBOND  =         0.0000  RESTRAINT  =         0.0000
 EKCMT  =     29118.6552  VIRIAL  =     32542.1238  VOLUME     =   1119726.2650
                                                    Density    =         0.9222
 Ewald error estimate:   0.6832E-04
 ------------------------------------------------------------------------------


 NSTEP =     5500   TIME(PS) =      71.000  TEMP(K) =   297.59  PRESS =  -254.9
 Etot   =   -255541.7974  EKtot   =     61371.2378  EPtot      =   -316913.0352
 BOND   =      1533.5663  ANGLE   =      2521.6142  DIHED      =      3855.1145
 1-4 NB =      1062.2424  1-4 EEL =     12049.5031  VDWAALS    =     43517.0085
 EELEC  =   -381452.0842  EHBOND  =         0.0000  RESTRAINT  =         0.0000
 EKCMT  =     29056.3966  VIRIAL  =     35198.1830  VOLUME     =   1116140.8427
                                                    Density    =         0.9251
 Ewald error estimate:   0.5320E-04
 ------------------------------------------------------------------------------


 NSTEP =     6000   TIME(PS) =      72.000  TEMP(K) =   300.26  PRESS =   -14.4
 Etot   =   -254300.6759  EKtot   =     61920.8041  EPtot      =   -316221.4800
 BOND   =      1615.9984  ANGLE   =      2465.2123  DIHED      =      3851.4843
 1-4 NB =      1117.1499  1-4 EEL =     12084.8208  VDWAALS    =     44136.3899
 EELEC  =   -381492.5354  EHBOND  =         0.0000  RESTRAINT  =         0.0000
 EKCMT  =     29351.5816  VIRIAL  =     29697.2409  VOLUME     =   1112686.1152
                                                    Density    =         0.9280
 Ewald error estimate:   0.8088E-04
 ------------------------------------------------------------------------------


 NSTEP =     6500   TIME(PS) =      73.000  TEMP(K) =   297.48  PRESS =  -139.1
 Etot   =   -255499.5672  EKtot   =     61348.3675  EPtot      =   -316847.9347
 BOND   =      1604.8237  ANGLE   =      2473.4470  DIHED      =      3850.4741
 1-4 NB =      1082.2676  1-4 EEL =     12027.1325  VDWAALS    =     43651.7724
 EELEC  =   -381537.8521  EHBOND  =         0.0000  RESTRAINT  =         0.0000
 EKCMT  =     29137.2318  VIRIAL  =     32471.2993  VOLUME     =   1109907.4492
                                                    Density    =         0.9303
 Ewald error estimate:   0.7501E-05
 ------------------------------------------------------------------------------


 NSTEP =     7000   TIME(PS) =      74.000  TEMP(K) =   297.35  PRESS =   -98.4
 Etot   =   -256401.3387  EKtot   =     61322.2701  EPtot      =   -317723.6088
 BOND   =      1599.5151  ANGLE   =      2436.5950  DIHED      =      3875.1206
 1-4 NB =      1081.7978  1-4 EEL =     12064.7979  VDWAALS    =     44419.0262
 EELEC  =   -383200.4614  EHBOND  =         0.0000  RESTRAINT  =         0.0000
 EKCMT  =     28820.6235  VIRIAL  =     31172.3324  VOLUME     =   1106647.6141
                                                    Density    =         0.9331
 Ewald error estimate:   0.7047E-04
 ------------------------------------------------------------------------------


 NSTEP =     7500   TIME(PS) =      75.000  TEMP(K) =   297.74  PRESS =   -39.6
 Etot   =   -255536.9096  EKtot   =     61402.1780  EPtot      =   -316939.0876
 BOND   =      1633.5283  ANGLE   =      2481.8663  DIHED      =      3889.6380
 1-4 NB =      1076.7696  1-4 EEL =     11989.0957  VDWAALS    =     44086.8538
 EELEC  =   -382096.8393  EHBOND  =         0.0000  RESTRAINT  =         0.0000
 EKCMT  =     28811.9514  VIRIAL  =     29755.9912  VOLUME     =   1102779.0633
                                                    Density    =         0.9363
 Ewald error estimate:   0.7136E-04
 ------------------------------------------------------------------------------


 NSTEP =     8000   TIME(PS) =      76.000  TEMP(K) =   299.54  PRESS =   -77.6
 Etot   =   -255381.7472  EKtot   =     61773.5990  EPtot      =   -317155.3461
 BOND   =      1601.9039  ANGLE   =      2434.9492  DIHED      =      3888.6762
 1-4 NB =      1082.5833  1-4 EEL =     12073.1408  VDWAALS    =     44027.6580
 EELEC  =   -382264.2576  EHBOND  =         0.0000  RESTRAINT  =         0.0000
 EKCMT  =     29183.7699  VIRIAL  =     31027.7897  VOLUME     =   1100072.0895
                                                    Density    =         0.9386
 Ewald error estimate:   0.1730E-04
 ------------------------------------------------------------------------------


 NSTEP =     8500   TIME(PS) =      77.000  TEMP(K) =   297.75  PRESS =   -56.9
 Etot   =   -255653.9751  EKtot   =     61404.0488  EPtot      =   -317058.0240
 BOND   =      1572.1857  ANGLE   =      2504.7237  DIHED      =      3849.6329
 1-4 NB =      1104.4193  1-4 EEL =     12020.2703  VDWAALS    =     44343.1085
 EELEC  =   -382452.3643  EHBOND  =         0.0000  RESTRAINT  =         0.0000
 EKCMT  =     29023.0623  VIRIAL  =     30372.7474  VOLUME     =   1098016.4961
                                                    Density    =         0.9404
 Ewald error estimate:   0.6701E-04
 ------------------------------------------------------------------------------


 NSTEP =     9000   TIME(PS) =      78.000  TEMP(K) =   297.45  PRESS =   -94.0
 Etot   =   -256156.3595  EKtot   =     61342.0263  EPtot      =   -317498.3858
 BOND   =      1601.4379  ANGLE   =      2513.9841  DIHED      =      3861.6052
 1-4 NB =      1087.9005  1-4 EEL =     12078.1434  VDWAALS    =     44208.9907
 EELEC  =   -382850.4476  EHBOND  =         0.0000  RESTRAINT  =         0.0000
 EKCMT  =     29006.8420  VIRIAL  =     31231.1475  VOLUME     =   1095932.2635
                                                    Density    =         0.9422
 Ewald error estimate:   0.1813E-04
 ------------------------------------------------------------------------------


 NSTEP =     9500   TIME(PS) =      79.000  TEMP(K) =   298.58  PRESS =  -153.1
 Etot   =   -255987.9707  EKtot   =     61575.6354  EPtot      =   -317563.6061
 BOND   =      1642.0916  ANGLE   =      2473.0921  DIHED      =      3821.1559
 1-4 NB =      1085.2536  1-4 EEL =     12032.4633  VDWAALS    =     43787.8540
 EELEC  =   -382405.5166  EHBOND  =         0.0000  RESTRAINT  =         0.0000
 EKCMT  =     29087.3593  VIRIAL  =     32701.4573  VOLUME     =   1093615.3144
                                                    Density    =         0.9442
 Ewald error estimate:   0.9223E-04
 ------------------------------------------------------------------------------


 NSTEP =    10000   TIME(PS) =      80.000  TEMP(K) =   297.54  PRESS =  -170.7
 Etot   =   -255944.4466  EKtot   =     61360.7192  EPtot      =   -317305.1658
 BOND   =      1568.3075  ANGLE   =      2437.1602  DIHED      =      3853.9159
 1-4 NB =      1092.7474  1-4 EEL =     12067.3719  VDWAALS    =     44248.2271
 EELEC  =   -382572.8958  EHBOND  =         0.0000  RESTRAINT  =         0.0000
 EKCMT  =     29011.1380  VIRIAL  =     33035.9598  VOLUME     =   1092067.6956
                                                    Density    =         0.9455
 Ewald error estimate:   0.3554E-04
 ------------------------------------------------------------------------------


 NSTEP =    10500   TIME(PS) =      81.000  TEMP(K) =   298.95  PRESS =   -59.5
 Etot   =   -255700.6291  EKtot   =     61651.0826  EPtot      =   -317351.7118
 BOND   =      1603.4132  ANGLE   =      2540.4334  DIHED      =      3873.3959
 1-4 NB =      1080.1450  1-4 EEL =     11971.2941  VDWAALS    =     44290.2592
 EELEC  =   -382710.6527  EHBOND  =         0.0000  RESTRAINT  =         0.0000
 EKCMT  =     29115.3948  VIRIAL  =     30515.8337  VOLUME     =   1089403.7054
                                                    Density    =         0.9478
 Ewald error estimate:   0.5749E-04
 ------------------------------------------------------------------------------


 NSTEP =    11000   TIME(PS) =      82.000  TEMP(K) =   300.14  PRESS =  -119.5
 Etot   =   -255388.5174  EKtot   =     61896.8661  EPtot      =   -317285.3835
 BOND   =      1602.8594  ANGLE   =      2462.8716  DIHED      =      3828.7391
 1-4 NB =      1079.8549  1-4 EEL =     12059.8383  VDWAALS    =     44090.3198
 EELEC  =   -382409.8665  EHBOND  =         0.0000  RESTRAINT  =         0.0000
 EKCMT  =     29129.4354  VIRIAL  =     31936.4654  VOLUME     =   1087782.4244
                                                    Density    =         0.9492
 Ewald error estimate:   0.3297E-04
 ------------------------------------------------------------------------------


 NSTEP =    11500   TIME(PS) =      83.000  TEMP(K) =   296.38  PRESS =   -89.1
 Etot   =   -255871.2193  EKtot   =     61120.5961  EPtot      =   -316991.8155
 BOND   =      1596.8201  ANGLE   =      2468.3115  DIHED      =      3847.5509
 1-4 NB =      1088.9069  1-4 EEL =     12093.8796  VDWAALS    =     43967.3031
 EELEC  =   -382054.5877  EHBOND  =         0.0000  RESTRAINT  =         0.0000
 EKCMT  =     28899.1132  VIRIAL  =     30986.9932  VOLUME     =   1085262.4664
                                                    Density    =         0.9514
 Ewald error estimate:   0.5277E-04
 ------------------------------------------------------------------------------


 NSTEP =    12000   TIME(PS) =      84.000  TEMP(K) =   299.79  PRESS =  -190.7
 Etot   =   -256005.6158  EKtot   =     61824.5783  EPtot      =   -317830.1941
 BOND   =      1590.4869  ANGLE   =      2423.9352  DIHED      =      3876.4238
 1-4 NB =      1087.3565  1-4 EEL =     12086.6797  VDWAALS    =     44056.6672
 EELEC  =   -382951.7433  EHBOND  =         0.0000  RESTRAINT  =         0.0000
 EKCMT  =     29279.6771  VIRIAL  =     33740.1472  VOLUME     =   1083117.2950
                                                    Density    =         0.9533
 Ewald error estimate:   0.3506E-05
 ------------------------------------------------------------------------------


 NSTEP =    12500   TIME(PS) =      85.000  TEMP(K) =   298.91  PRESS =  -136.6
 Etot   =   -255975.9632  EKtot   =     61643.6201  EPtot      =   -317619.5832
 BOND   =      1613.3225  ANGLE   =      2506.0248  DIHED      =      3876.0977
 1-4 NB =      1103.0905  1-4 EEL =     12015.8671  VDWAALS    =     43907.8758
 EELEC  =   -382641.8617  EHBOND  =         0.0000  RESTRAINT  =         0.0000
 EKCMT  =     29013.7897  VIRIAL  =     32201.0678  VOLUME     =   1080763.0004
                                                    Density    =         0.9554
 Ewald error estimate:   0.3245E-04
 ------------------------------------------------------------------------------


 NSTEP =    13000   TIME(PS) =      86.000  TEMP(K) =   298.35  PRESS =  -146.8
 Etot   =   -255961.9672  EKtot   =     61528.7174  EPtot      =   -317490.6846
 BOND   =      1557.9753  ANGLE   =      2493.1911  DIHED      =      3844.1409
 1-4 NB =      1106.8829  1-4 EEL =     12044.9240  VDWAALS    =     43882.0044
 EELEC  =   -382419.8033  EHBOND  =         0.0000  RESTRAINT  =         0.0000
 EKCMT  =     29113.2717  VIRIAL  =     32533.2942  VOLUME     =   1078860.9446
                                                    Density    =         0.9571
 Ewald error estimate:   0.6351E-04
 ------------------------------------------------------------------------------


 NSTEP =    13500   TIME(PS) =      87.000  TEMP(K) =   297.94  PRESS =  -198.0
 Etot   =   -256623.5851  EKtot   =     61443.3589  EPtot      =   -318066.9439
 BOND   =      1654.5103  ANGLE   =      2532.4459  DIHED      =      3861.3783
 1-4 NB =      1114.0084  1-4 EEL =     12084.1800  VDWAALS    =     44103.6664
 EELEC  =   -383417.1332  EHBOND  =         0.0000  RESTRAINT  =         0.0000
 EKCMT  =     29181.5569  VIRIAL  =     33786.2756  VOLUME     =   1077081.3904
                                                    Density    =         0.9587
 Ewald error estimate:   0.3167E-04
 ------------------------------------------------------------------------------


 NSTEP =    14000   TIME(PS) =      88.000  TEMP(K) =   297.92  PRESS =  -119.2
 Etot   =   -256568.7200  EKtot   =     61439.3190  EPtot      =   -318008.0390
 BOND   =      1603.9763  ANGLE   =      2449.4869  DIHED      =      3867.1392
 1-4 NB =      1086.1630  1-4 EEL =     12088.3255  VDWAALS    =     43955.7248
 EELEC  =   -383058.8547  EHBOND  =         0.0000  RESTRAINT  =         0.0000
 EKCMT  =     29201.9086  VIRIAL  =     31968.9323  VOLUME     =   1074947.4088
                                                    Density    =         0.9606
 Ewald error estimate:   0.7000E-04
 ------------------------------------------------------------------------------


 NSTEP =    14500   TIME(PS) =      89.000  TEMP(K) =   298.25  PRESS =    36.4
 Etot   =   -256117.4203  EKtot   =     61507.7338  EPtot      =   -317625.1541
 BOND   =      1558.4440  ANGLE   =      2455.5784  DIHED      =      3880.1888
 1-4 NB =      1086.3701  1-4 EEL =     12081.9004  VDWAALS    =     44214.0006
 EELEC  =   -382901.6363  EHBOND  =         0.0000  RESTRAINT  =         0.0000
 EKCMT  =     29210.3251  VIRIAL  =     28365.9836  VOLUME     =   1073447.0957
                                                    Density    =         0.9619
 Ewald error estimate:   0.6176E-05
 ------------------------------------------------------------------------------


 NSTEP =    15000   TIME(PS) =      90.000  TEMP(K) =   297.70  PRESS =  -106.8
 Etot   =   -256674.3827  EKtot   =     61392.8198  EPtot      =   -318067.2025
 BOND   =      1578.4171  ANGLE   =      2487.4738  DIHED      =      3875.3509
 1-4 NB =      1089.2542  1-4 EEL =     12088.6481  VDWAALS    =     44326.0874
 EELEC  =   -383512.4340  EHBOND  =         0.0000  RESTRAINT  =         0.0000
 EKCMT  =     29078.4878  VIRIAL  =     31550.8310  VOLUME     =   1071991.7454
                                                    Density    =         0.9632
 Ewald error estimate:   0.7673E-04
 ------------------------------------------------------------------------------


      A V E R A G E S   O V E R   15000 S T E P S


 NSTEP =    15000   TIME(PS) =      90.000  TEMP(K) =   298.08  PRESS =  -164.2
 Etot   =   -255176.2307  EKtot   =     61471.3928  EPtot      =   -316647.6235
 BOND   =      1604.3671  ANGLE   =      2471.5692  DIHED      =      3859.5800
 1-4 NB =      1093.9549  1-4 EEL =     12059.7552  VDWAALS    =     44020.5147
 EELEC  =   -381757.3646  EHBOND  =         0.0000  RESTRAINT  =         0.0000
 EKCMT  =     29082.0689  VIRIAL  =     33099.7826  VOLUME     =   1111287.0516
                                                    Density    =         0.9299
 Ewald error estimate:   0.4048E-04
 ------------------------------------------------------------------------------


      R M S  F L U C T U A T I O N S


 NSTEP =    15000   TIME(PS) =      90.000  TEMP(K) =     0.98  PRESS =   140.7
 Etot   =      1192.2849  EKtot   =       202.2283  EPtot      =      1199.1478
 BOND   =        29.2839  ANGLE   =        37.7827  DIHED      =        20.2398
 1-4 NB =        13.9126  1-4 EEL =        37.0230  VDWAALS    =       311.5994
 EELEC  =      1417.1294  EHBOND  =         0.0000  RESTRAINT  =         0.0000
 EKCMT  =       132.7879  VIRIAL  =      3566.3199  VOLUME     =     31073.1252
                                                    Density    =         0.0254
 Ewald error estimate:   0.2796E-04
 ------------------------------------------------------------------------------


--------------------------------------------------------------------------------
   5.  TIMINGS
--------------------------------------------------------------------------------

|                Build the list           823.65 (99.42% of List )
|                Other                      4.78 ( 0.58% of List )
|             List time                828.43 (11.01% of Nonbo)
|                   Short_ene time          5090.25 (98.28% of Direc)
|                   Other                     89.29 ( 1.72% of Direc)
|                Direct Ewald time       5179.54 (77.33% of Ewald)
|                Adjust Ewald time         44.33 ( 0.66% of Ewald)
|                   Fill Bspline coeffs       50.54 ( 3.46% of Recip)
|                   Fill charge grid         234.97 (16.08% of Recip)
|                   Scalar sum               218.28 (14.94% of Recip)
|                   Grad sum                 432.29 (29.58% of Recip)
|                   FFT time                 525.16 (35.94% of Recip)
|                Recip Ewald time        1461.28 (21.82% of Ewald)
|                Force Adjust               2.66 ( 0.04% of Ewald)
|                Virial junk                5.79 ( 0.09% of Ewald)
|                Other                      4.50 ( 0.07% of Ewald)
|             Ewald time              6698.16 (88.99% of Nonbo)
|          Nonbond force           7526.61 (99.48% of Force)
|          Bond/Angle/Dihedral       37.55 ( 0.50% of Force)
|          Other                      1.49 ( 0.02% of Force)
|       Force time              7565.65 (94.27% of Runmd)
|       Shake time                54.45 ( 0.68% of Runmd)
|       Verlet update time       393.24 ( 4.90% of Runmd)
|       Ekcmr time                 5.98 ( 0.07% of Runmd)
|       Other                      5.92 ( 0.07% of Runmd)
|    Runmd Time              8025.25 (100.0% of Total)
| Total time              8025.61 (100.0% of ALL  )

| Number of list builds   :       1751

| Highest rstack allocated:    5419732
| Highest istack allocated:     102594

| Final Performance Info:
| -----------------------------------------------------
| Average timings for all steps:
|     Elapsed(s) =    8025.25 Per Step(ms) =     535.02
|         ns/day =       0.32   seconds/ns =  267508.28
| -----------------------------------------------------

|           Job began  at 10:33:45.112  on 09/06/2022
|           Setup done at 10:33:45.472  on 09/06/2022
|           Run   done at 12:47:30.720  on 09/06/2022
|     wallclock() was called  693545 times

|3D-RISM memory allocation summary
|Type          Maximum        Current   
|Integer       0.00000 GB     0.00000 GB
|Real          0.00000 GB     0.00000 GB
|Logical       0.00000 GB     0.00000 GB
|Character     0.00000 GB     0.00000 GB
|---------------------------------------
|Total         0.00000 GB     0.00000 GB
