            --------------------------------------------------------
                             AMBER SQM VERSION 19
 
                                     By
              Ross C. Walker, Michael F. Crowley, Scott Brozell,
                         Tim Giese, Andreas W. Goetz,
                        Tai-Sung Lee and David A. Case
 
            --------------------------------------------------------
 

--------------------------------------------------------------------------------
  QM CALCULATION INFO
--------------------------------------------------------------------------------

| QMMM: Citation for AMBER QMMM Run:
| QMMM: R.C. Walker, M.F. Crowley and D.A. Case, J. COMP. CHEM. 29:1019, 2008

QMMM: SINGLET STATE CALCULATION
QMMM: RHF CALCULATION, NO. OF DOUBLY OCCUPIED LEVELS = 43

| QMMM: *** Selected Hamiltonian *** 
| QMMM: AM1         

| QMMM: *** Parameter sets in use ***
| QMMM: N : M.J.S.DEWAR et al. JACS, 107, 3902, (1985)
| QMMM: C : M.J.S.DEWAR et al. JACS, 107, 3902, (1985)
| QMMM: O : M.J.S.DEWAR et al. JACS, 107, 3902, (1985)
| QMMM: H : M.J.S.DEWAR et al. JACS, 107, 3902, (1985)

| QMMM: *** SCF convergence criteria ***
| QMMM: Energy change                :  0.1D-09 kcal/mol
| QMMM: Error matrix |FP-PF|         :  0.1D+00 au
| QMMM: Density matrix change        :  0.5D-06
| QMMM: Maximum number of SCF cycles :     1000

| QMMM: *** Diagonalization Routine Information ***
| QMMM: Pseudo diagonalizations are allowed.
| QMMM: Auto diagonalization routine selection is in use.
| QMMM:
| QMMM: Timing diagonalization routines:
| QMMM:                              norbs =       82
| QMMM:    diag iterations used for timing =       15
| QMMM:
| QMMM:              Internal diag routine = 0.014506 seconds
| QMMM:                 Dspev diag routine = 0.018764 seconds
| QMMM:                Dspevd diag routine = 0.008908 seconds
| QMMM:                Dspevx diag routine = 0.049997 seconds
| QMMM:                 Dsyev diag routine = 0.017297 seconds
| QMMM:                Dsyevd diag routine = 0.011717 seconds
| QMMM:                Dsyevr diag routine = 0.014066 seconds
| QMMM:
| QMMM:                Pseudo diag routine = 0.006569 seconds
| QMMM:
| QMMM: Using dspevd routine (diag_routine=3).

  QMMM: QM Region Cartesian Coordinates (*=link atom) 
  QMMM: QM_NO.   MM_NO.  ATOM         X         Y         Z
  QMMM:     1        1      N       -3.2590    2.8360    0.0000
  QMMM:     2        2      C       -4.5930    2.0660    0.0000
  QMMM:     3        3      C       -4.5930    0.5260    0.0000
  QMMM:     4        4      C       -3.2590   -0.2440    0.0000
  QMMM:     5        5      C       -1.9260    0.5260    0.0000
  QMMM:     6        6      C       -1.9260    2.0660    0.0000
  QMMM:     7        7      N       -0.5920   -0.2440    0.0000
  QMMM:     8        8      C        0.7420    0.5260    0.0000
  QMMM:     9        9      C        2.0750   -0.2440    0.0000
  QMMM:    10       10      C        3.4090    0.5260    0.0000
  QMMM:    11       11      C        4.7430   -0.2440    0.0000
  QMMM:    12       12      C        6.0770    0.5260    0.0000
  QMMM:    13       13      C        6.0770    2.0660    0.0000
  QMMM:    14       14      C        4.7430    2.8360    0.0000
  QMMM:    15       15      C        3.4090    2.0660    0.0000
  QMMM:    16       16      O        0.7420    1.3710   -1.1540
  QMMM:    17       17      H        4.7430    3.4680    0.8630
  QMMM:    18       18      H        4.7430    3.4680   -0.8630
  QMMM:    19       19      H        6.6250    2.3820    0.8630
  QMMM:    20       20      H        6.6250    2.3820   -0.8630
  QMMM:    21       21      H        6.6250    0.2100    0.8630
  QMMM:    22       22      H        6.6250    0.2100   -0.8630
  QMMM:    23       23      H        4.7430   -0.8760    0.8630
  QMMM:    24       24      H        4.7430   -0.8760   -0.8630
  QMMM:    25       25      H        2.8610    2.3820   -0.8630
  QMMM:    26       26      H        2.8610    2.3820    0.8630
  QMMM:    27       27      H        2.0750   -0.8760    0.8630
  QMMM:    28       28      H        2.0750   -0.8760   -0.8630
  QMMM:    29       29      H       -0.5920   -1.2440    0.0000
  QMMM:    30       30      H       -5.5200    2.6010    0.0000
  QMMM:    31       31      H       -5.5200   -0.0090    0.0000
  QMMM:    32       32      H       -3.2590   -1.3140    0.0000
  QMMM:    33       33      H       -0.9990    2.6010    0.0000
  QMMM:    34       34      H        3.4090    0.5260   -1.0700

--------------------------------------------------------------------------------
  RESULTS
--------------------------------------------------------------------------------

      iter         sqm energy              rms gradient
      ----    -------------------    -----------------------
xmin    10      -26.6774 kcal/mol        4.5447 kcal/(mol*A)
xmin    20      -33.4903 kcal/mol        0.9098 kcal/(mol*A)
xmin    30      -35.4652 kcal/mol        0.7046 kcal/(mol*A)
xmin    40      -35.8955 kcal/mol        0.2864 kcal/(mol*A)
xmin    50      -36.4047 kcal/mol        0.5606 kcal/(mol*A)
xmin    60      -36.6447 kcal/mol        0.2980 kcal/(mol*A)
xmin    70      -36.7738 kcal/mol        0.2272 kcal/(mol*A)
xmin    80      -36.8030 kcal/mol        0.1428 kcal/(mol*A)
xmin    90      -36.8319 kcal/mol        0.0620 kcal/(mol*A)
xmin   100      -35.9510 kcal/mol        2.7586 kcal/(mol*A)
xmin   110      -36.7628 kcal/mol        0.1451 kcal/(mol*A)
xmin   120      -36.8130 kcal/mol        0.0711 kcal/(mol*A)
xmin   130      -36.8293 kcal/mol        0.0895 kcal/(mol*A)
xmin   140      -36.8433 kcal/mol        0.1343 kcal/(mol*A)
xmin   150      -36.8622 kcal/mol        0.1777 kcal/(mol*A)
xmin   160      -36.8635 kcal/mol        0.2115 kcal/(mol*A)
xmin   170      -36.8736 kcal/mol        0.1391 kcal/(mol*A)
xmin   180      -36.8772 kcal/mol        0.0367 kcal/(mol*A)
xmin   190      -36.8817 kcal/mol        0.0459 kcal/(mol*A)
xmin   200      -36.8938 kcal/mol        0.0669 kcal/(mol*A)
xmin   210      -36.8990 kcal/mol        0.0764 kcal/(mol*A)
xmin   220      -36.9147 kcal/mol        0.0254 kcal/(mol*A)
xmin   230      -36.9217 kcal/mol        0.2093 kcal/(mol*A)
xmin   240      -36.9277 kcal/mol        0.0609 kcal/(mol*A)
xmin   250      -36.9338 kcal/mol        0.1357 kcal/(mol*A)
xmin   260      -36.9356 kcal/mol        0.0707 kcal/(mol*A)
xmin   270      -36.9431 kcal/mol        0.1124 kcal/(mol*A)
xmin   280      -36.9492 kcal/mol        0.0505 kcal/(mol*A)
xmin   290      -36.9502 kcal/mol        0.0202 kcal/(mol*A)
xmin   300      -36.9524 kcal/mol        0.0418 kcal/(mol*A)
xmin   310      -36.9539 kcal/mol        0.0249 kcal/(mol*A)
xmin   320      -36.9615 kcal/mol        0.1258 kcal/(mol*A)
xmin   330      -36.9652 kcal/mol        0.0399 kcal/(mol*A)
xmin   340      -36.9681 kcal/mol        0.0121 kcal/(mol*A)
xmin   350      -36.9715 kcal/mol        0.0475 kcal/(mol*A)
xmin   360      -36.9774 kcal/mol        0.0444 kcal/(mol*A)
xmin   370      -36.9862 kcal/mol        0.0941 kcal/(mol*A)
xmin   380      -36.9924 kcal/mol        0.0316 kcal/(mol*A)
xmin   390      -37.0039 kcal/mol        0.0632 kcal/(mol*A)
xmin   400      -37.0069 kcal/mol        0.0613 kcal/(mol*A)
xmin   410      -37.0093 kcal/mol        0.0854 kcal/(mol*A)
xmin   420      -37.0133 kcal/mol        0.0695 kcal/(mol*A)
xmin   430      -37.0227 kcal/mol        0.0804 kcal/(mol*A)
xmin   440      -37.0290 kcal/mol        0.1122 kcal/(mol*A)
xmin   450      -37.0302 kcal/mol        0.0673 kcal/(mol*A)
xmin   460      -37.0337 kcal/mol        0.1002 kcal/(mol*A)
xmin   470      -37.0365 kcal/mol        0.1020 kcal/(mol*A)
xmin   480      -37.0397 kcal/mol        0.0732 kcal/(mol*A)
xmin   490      -37.0415 kcal/mol        0.1099 kcal/(mol*A)
xmin   500      -37.0583 kcal/mol        0.1037 kcal/(mol*A)
xmin   510      -37.0621 kcal/mol        0.0991 kcal/(mol*A)
xmin   520      -37.0812 kcal/mol        0.0356 kcal/(mol*A)
xmin   530      -37.0881 kcal/mol        0.1452 kcal/(mol*A)
xmin   540      -37.0910 kcal/mol        0.0742 kcal/(mol*A)
xmin   550      -37.0965 kcal/mol        0.0582 kcal/(mol*A)
xmin   560      -37.1038 kcal/mol        0.0293 kcal/(mol*A)
xmin   570      -37.1131 kcal/mol        0.0452 kcal/(mol*A)
xmin   580      -37.1164 kcal/mol        0.0937 kcal/(mol*A)
xmin   590      -37.1279 kcal/mol        0.0398 kcal/(mol*A)
xmin   600      -37.1360 kcal/mol        0.0892 kcal/(mol*A)
xmin   610      -37.1408 kcal/mol        0.0714 kcal/(mol*A)
xmin   620      -37.1514 kcal/mol        0.1043 kcal/(mol*A)
xmin   630      -37.1635 kcal/mol        0.0172 kcal/(mol*A)
xmin   640      -37.1775 kcal/mol        0.0540 kcal/(mol*A)
xmin   650      -37.1837 kcal/mol        0.1651 kcal/(mol*A)
xmin   660      -37.1875 kcal/mol        0.0167 kcal/(mol*A)
xmin   670      -37.1885 kcal/mol        0.0178 kcal/(mol*A)
xmin   680      -37.1888 kcal/mol        0.0110 kcal/(mol*A)
xmin   690      -37.1894 kcal/mol        0.0158 kcal/(mol*A)
xmin   700      -37.1895 kcal/mol        0.0083 kcal/(mol*A)
xmin   710      -37.1897 kcal/mol        0.0154 kcal/(mol*A)
xmin   720      -37.1897 kcal/mol        0.0199 kcal/(mol*A)
xmin   730      -37.1898 kcal/mol        0.0017 kcal/(mol*A)
xmin   740      -37.1899 kcal/mol        0.0051 kcal/(mol*A)
xmin   750      -37.1899 kcal/mol        0.0044 kcal/(mol*A)
xmin   760      -37.1899 kcal/mol        0.0057 kcal/(mol*A)
xmin   770      -37.1899 kcal/mol        0.0094 kcal/(mol*A)
xmin   780      -37.1899 kcal/mol        0.0016 kcal/(mol*A)
xmin   790      -37.1900 kcal/mol        0.0074 kcal/(mol*A)
xmin   800      -37.1900 kcal/mol        0.0038 kcal/(mol*A)
xmin   810      -37.1900 kcal/mol        0.0016 kcal/(mol*A)
xmin   820      -37.1900 kcal/mol        0.0015 kcal/(mol*A)
  ... geometry converged !
 
 Final MO eigenvalues (eV):
 -40.8287  -39.8396  -38.7719  -35.8750  -33.9556  -32.7009  -31.8589  -30.4564
 -28.1796  -24.6126  -24.1952  -23.6087  -22.7361  -21.2607  -20.4548  -18.5931
 -18.1358  -17.5126  -16.8326  -16.2361  -15.8554  -15.4323  -15.3799  -15.1484
 -15.0037  -14.6184  -14.2270  -14.0238  -13.9442  -13.3724  -13.3071  -13.0510
 -12.8260  -12.1329  -12.0820  -12.0288  -11.5119  -11.3503  -11.2350  -10.8860
 -10.5655  -10.5055   -8.9718    0.0452    0.3005    1.2851    1.5579    2.8764
   3.0801    3.1767    3.4620    3.4658    3.6298    3.6655    3.7082    3.8157
   3.8939    3.9257    3.9989    4.0557    4.0868    4.2408    4.2520    4.2627
   4.3323    4.4799    4.5787    4.6152    4.6425    4.7615    4.7762    4.9664
   5.0010    5.0345    5.0577    5.0709    5.1309    5.1364    5.7991    5.8987
   6.7305    7.0109

 Heat of formation   =        -37.18997238 kcal/mol  (       -1.61267822 eV)

 Total SCF energy    =     -61057.53931123 kcal/mol  (    -2647.65358446 eV)
 Electronic energy   =    -379389.46140871 kcal/mol  (   -16451.56157186 eV)
 Core-core repulsion =     318331.92209748 kcal/mol  (    13803.90798740 eV)
 
    Atomic Charges for Step       1 :
  Atom    Element       Mulliken Charge
     1      N                 -0.117
     2      C                 -0.102
     3      C                 -0.154
     4      C                 -0.156
     5      C                  0.026
     6      C                 -0.091
     7      N                 -0.321
     8      C                  0.311
     9      C                 -0.179
    10      C                 -0.102
    11      C                 -0.152
    12      C                 -0.155
    13      C                 -0.157
    14      C                 -0.154
    15      C                 -0.157
    16      O                 -0.346
    17      H                  0.081
    18      H                  0.085
    19      H                  0.078
    20      H                  0.082
    21      H                  0.082
    22      H                  0.084
    23      H                  0.079
    24      H                  0.085
    25      H                  0.080
    26      H                  0.075
    27      H                  0.095
    28      H                  0.124
    29      H                  0.230
    30      H                  0.160
    31      H                  0.142
    32      H                  0.133
    33      H                  0.200
    34      H                  0.111
 Total Mulliken Charge =       0.000
 
                  X        Y        Z     TOTAL  
  QM DIPOLE     2.366   -2.027    4.288    5.300
 
 Final Structure

  QMMM: QM Region Cartesian Coordinates (*=link atom) 
  QMMM: QM_NO.   MM_NO.  ATOM         X         Y         Z
  QMMM:     1        1      N       -3.2737    1.9466   -1.4148
  QMMM:     2        2      C       -3.9906    1.8799   -0.2770
  QMMM:     3        3      C       -3.4927    1.3139    0.9083
  QMMM:     4        4      C       -2.2012    0.7958    0.9168
  QMMM:     5        5      C       -1.4245    0.8517   -0.2663
  QMMM:     6        6      C       -2.0287    1.4492   -1.4137
  QMMM:     7        7      N       -0.1307    0.3191   -0.2621
  QMMM:     8        8      C        0.8023    0.3570   -1.2919
  QMMM:     9        9      C        2.1424   -0.3089   -1.0198
  QMMM:    10       10      C        3.1919    0.7148   -0.6127
  QMMM:    11       11      C        4.5813    0.1133   -0.7861
  QMMM:    12       12      C        5.6587    1.0925   -0.3692
  QMMM:    13       13      C        5.4540    1.5661    1.0549
  QMMM:    14       14      C        4.0710    2.1552    1.2400
  QMMM:    15       15      C        2.9926    1.1759    0.8241
  QMMM:    16       16      O        0.5691    0.8877   -2.3921
  QMMM:    17       17      H        3.9228    2.4373    2.3149
  QMMM:    18       18      H        3.9790    3.0921    0.6297
  QMMM:    19       19      H        5.5912    0.7041    1.7594
  QMMM:    20       20      H        6.2276    2.3361    1.3100
  QMMM:    21       21      H        6.6627    0.6024   -0.4621
  QMMM:    22       22      H        5.6489    1.9753   -1.0616
  QMMM:    23       23      H        4.6616   -0.8205   -0.1701
  QMMM:    24       24      H        4.7325   -0.1739   -1.8594
  QMMM:    25       25      H        1.9897    1.6661    0.9271
  QMMM:    26       26      H        3.0101    0.2869    1.5081
  QMMM:    27       27      H        2.0632   -1.1101   -0.2406
  QMMM:    28       28      H        2.4540   -0.7994   -1.9818
  QMMM:    29       29      H        0.1680   -0.0745    0.6032
  QMMM:    30       30      H       -5.0099    2.3010   -0.3234
  QMMM:    31       31      H       -4.1135    1.2813    1.8135
  QMMM:    32       32      H       -1.7988    0.3489    1.8379
  QMMM:    33       33      H       -1.4809    1.5305   -2.3735
  QMMM:    34       34      H        3.1030    1.6086   -1.2938

           --------- Calculation Completed ----------

